Crashlog created at 2018-10-07 21:51:26 -0400

===== MESSAGE:

Nanoc::Int::ConfigLoader::NoConfigFileFoundError: No configuration file found

===== STACK TRACE:

  0. /usr/local/lib/ruby/gems/2.4.0/gems/nanoc-4.9.9/lib/nanoc/base/repos/config_loader.rb:44:in `new_from_cwd'
  1. /usr/local/lib/ruby/gems/2.4.0/gems/nanoc-4.9.9/lib/nanoc/cli/commands/view.rb:24:in `run'
  2. /usr/local/lib/ruby/gems/2.4.0/gems/nanoc-4.9.9/lib/nanoc/cli/command_runner.rb:14:in `block in call'
  3. /usr/local/lib/ruby/gems/2.4.0/gems/nanoc-4.9.9/lib/nanoc/cli/error_handler.rb:15:in `block in handle_while'
  4. /usr/local/lib/ruby/gems/2.4.0/gems/nanoc-4.9.9/lib/nanoc/cli/error_handler.rb:57:in `handle_while'
  5. /usr/local/lib/ruby/gems/2.4.0/gems/nanoc-4.9.9/lib/nanoc/cli/error_handler.rb:15:in `handle_while'
  6. /usr/local/lib/ruby/gems/2.4.0/gems/nanoc-4.9.9/lib/nanoc/cli/command_runner.rb:13:in `call'
  7. /usr/local/lib/ruby/gems/2.4.0/gems/cri-2.15.1/lib/cri/command_dsl.rb:303:in `block in runner'
  8. /usr/local/lib/ruby/gems/2.4.0/gems/cri-2.15.1/lib/cri/command.rb:359:in `run_this'
  9. /usr/local/lib/ruby/gems/2.4.0/gems/cri-2.15.1/lib/cri/command.rb:296:in `run'
  10. /usr/local/lib/ruby/gems/2.4.0/gems/cri-2.15.1/lib/cri/command.rb:314:in `run'
  11. /usr/local/lib/ruby/gems/2.4.0/gems/nanoc-4.9.9/lib/nanoc/cli.rb:64:in `block in run'
  12. /usr/local/lib/ruby/gems/2.4.0/gems/nanoc-4.9.9/lib/nanoc/cli/error_handler.rb:15:in `block in handle_while'
  13. /usr/local/lib/ruby/gems/2.4.0/gems/nanoc-4.9.9/lib/nanoc/cli/error_handler.rb:57:in `handle_while'
  14. /usr/local/lib/ruby/gems/2.4.0/gems/nanoc-4.9.9/lib/nanoc/cli/error_handler.rb:15:in `handle_while'
  15. /usr/local/lib/ruby/gems/2.4.0/gems/nanoc-4.9.9/lib/nanoc/cli.rb:62:in `run'
  16. /usr/local/lib/ruby/gems/2.4.0/gems/nanoc-4.9.9/bin/nanoc:18:in `<top (required)>'
  17. /usr/local/bin/nanoc:23:in `load'

===== VERSION INFORMATION:

Nanoc 4.9.9 © 2007-2018 Denis Defreyne.
Running ruby 2.4.2 (2017-09-14) on x86_64-darwin16 with RubyGems 2.6.13.

===== SYSTEM INFORMATION:

Darwin andylee 16.7.0 Darwin Kernel Version 16.7.0: Thu Jun 21 20:07:39 PDT 2018; root:xnu-3789.73.14~1/RELEASE_X86_64 x86_64

===== INSTALLED GEMS:

  addressable 2.5.2
  adsf 1.4.1
  bigdecimal 1.3.0
  bundler 1.15.4
  coderay 1.1.2
  colorator 1.1.0
  colored 1.2
  concurrent-ruby 1.0.5
  cri 2.15.1
  ddmemoize 1.0.0
  ddmetrics 1.0.1
  ddplugin 1.0.2
  did_you_mean 1.1.0
  faraday 0.13.1
  ffi 1.9.18
  forwardable-extended 2.6.0
  haml 5.0.4
  hamster 3.0.0
  io-console 0.4.6
  jekyll 3.6.2
  jekyll-feed 0.9.2
  jekyll-gist 1.4.1
  jekyll-paginate 1.1.0
  jekyll-sass-converter 1.5.0
  jekyll-theme-hydeout 3.5.1
  jekyll-watch 1.5.0
  json 2.0.4
  json_schema 0.19.1
  kramdown 1.15.0, 1.17.0
  liquid 4.0.0
  listen 3.0.8
  mercenary 0.3.6
  mini_portile2 2.3.0
  minima 2.1.1
  minitest 5.10.1
  multipart-post 2.0.0
  nanoc 4.9.9
  net-telnet 0.1.1
  nokogiri 1.8.5
  octokit 4.7.0
  openssl 2.0.5
  pandoc-ruby 2.0.2
  parallel 1.12.1
  pathutil 0.16.0
  power_assert 0.4.1
  psych 2.2.2
  public_suffix 3.0.0
  rack 2.0.5
  rake 12.0.0
  rb-fsevent 0.10.2
  rb-inotify 0.9.10
  rb-pygments 0.1.0
  rdoc 5.0.0
  ref 2.0.0
  rouge 2.2.1
  rygments 0.2.0
  safe_yaml 1.0.4
  sass 3.5.2
  sass-listen 4.0.0
  sawyer 0.8.1
  slow_enumerator_tools 1.1.0
  temple 0.8.0
  test-unit 3.2.3
  tilt 2.0.8
  tomlrb 1.2.7
  xmlrpc 0.2.1

===== LOAD PATHS:

  0. /usr/local/lib/ruby/gems/2.4.0/gems/ref-2.0.0/lib
  1. /usr/local/lib/ruby/gems/2.4.0/gems/did_you_mean-1.1.0/lib
  2. /usr/local/lib/ruby/gems/2.4.0/gems/public_suffix-3.0.0/lib
  3. /usr/local/lib/ruby/gems/2.4.0/gems/addressable-2.5.2/lib
  4. /usr/local/lib/ruby/gems/2.4.0/gems/colored-1.2/lib
  5. /usr/local/lib/ruby/gems/2.4.0/gems/cri-2.15.1/lib
  6. /usr/local/lib/ruby/gems/2.4.0/gems/ddmetrics-1.0.1/lib
  7. /usr/local/lib/ruby/gems/2.4.0/gems/ref-2.0.0/lib
  8. /usr/local/lib/ruby/gems/2.4.0/gems/ddmemoize-1.0.0/lib
  9. /usr/local/lib/ruby/gems/2.4.0/gems/ddplugin-1.0.2/lib
  10. /usr/local/lib/ruby/gems/2.4.0/gems/concurrent-ruby-1.0.5/lib
  11. /usr/local/lib/ruby/gems/2.4.0/gems/hamster-3.0.0/lib
  12. /usr/local/lib/ruby/gems/2.4.0/gems/json_schema-0.19.1/lib
  13. /usr/local/lib/ruby/gems/2.4.0/gems/parallel-1.12.1/lib
  14. /usr/local/lib/ruby/gems/2.4.0/gems/slow_enumerator_tools-1.1.0/lib
  15. /usr/local/lib/ruby/gems/2.4.0/gems/tomlrb-1.2.7/lib
  16. /usr/local/lib/ruby/gems/2.4.0/gems/nanoc-4.9.9/lib
  17. /usr/local/lib/ruby/gems/2.4.0/gems/rack-2.0.5/lib
  18. /usr/local/lib/ruby/gems/2.4.0/gems/adsf-1.4.1/lib
  19. /usr/local/lib/ruby/site_ruby/2.4.0
  20. /usr/local/lib/ruby/site_ruby/2.4.0/x86_64-darwin16
  21. /usr/local/lib/ruby/site_ruby
  22. /usr/local/lib/ruby/vendor_ruby/2.4.0
  23. /usr/local/lib/ruby/vendor_ruby/2.4.0/x86_64-darwin16
  24. /usr/local/lib/ruby/vendor_ruby
  25. /usr/local/Cellar/ruby/2.4.2/lib/ruby/2.4.0
  26. /usr/local/Cellar/ruby/2.4.2/lib/ruby/2.4.0/x86_64-darwin16
